[10-Feb-2026 04:31:14 Europe/Istanbul] PHP Fatal error:  Cannot declare class Logger, because the name is already in use in /home/runner/work/CYN_Tourism_v3.1_fixed/CYN_Tourism_v3.1_fixed/app/Services/Logger.php on line 10
[10-Feb-2026 04:31:14 Europe/Istanbul] PHP Stack trace:
[10-Feb-2026 04:31:14 Europe/Istanbul] PHP   1. {main}() Command line code:0
[10-Feb-2026 04:31:14 Europe/Istanbul] PHP   2. {main}() Command line code:0
[10-Feb-2026 04:31:14 Europe/Istanbul] PHP   3. require_once() /home/runner/work/CYN_Tourism_v3.1_fixed/CYN_Tourism_v3.1_fixed/app/bootstrap.php:48
[10-Feb-2026 04:31:17 Europe/Istanbul] PHP Fatal error:  Cannot declare class Logger, because the name is already in use in /home/runner/work/CYN_Tourism_v3.1_fixed/CYN_Tourism_v3.1_fixed/app/Services/Logger.php on line 10
[10-Feb-2026 04:31:17 Europe/Istanbul] PHP Stack trace:
[10-Feb-2026 04:31:17 Europe/Istanbul] PHP   1. {main}() Command line code:0
[10-Feb-2026 04:31:17 Europe/Istanbul] PHP   2. {main}() Command line code:0
[10-Feb-2026 04:31:17 Europe/Istanbul] PHP   3. require_once() /home/runner/work/CYN_Tourism_v3.1_fixed/CYN_Tourism_v3.1_fixed/app/bootstrap.php:48
[10-Feb-2026 04:31:21 Europe/Istanbul] PHP Fatal error:  Cannot declare class Logger, because the name is already in use in /home/runner/work/CYN_Tourism_v3.1_fixed/CYN_Tourism_v3.1_fixed/app/Services/Logger.php on line 10
[10-Feb-2026 04:31:21 Europe/Istanbul] PHP Stack trace:
[10-Feb-2026 04:31:21 Europe/Istanbul] PHP   1. {main}() /home/runner/work/CYN_Tourism_v3.1_fixed/CYN_Tourism_v3.1_fixed/app/bootstrap.php:0
[10-Feb-2026 04:31:21 Europe/Istanbul] PHP   2. require_once() /home/runner/work/CYN_Tourism_v3.1_fixed/CYN_Tourism_v3.1_fixed/app/bootstrap.php:48
[10-Feb-2026 04:31:27 Europe/Istanbul] PHP Warning:  ini_set(): Session ini settings cannot be changed after headers have already been sent in /home/runner/work/CYN_Tourism_v3.1_fixed/CYN_Tourism_v3.1_fixed/config/config.php on line 203
[10-Feb-2026 04:31:27 Europe/Istanbul] PHP Stack trace:
[10-Feb-2026 04:31:27 Europe/Istanbul] PHP   1. {main}() Command line code:0
[10-Feb-2026 04:31:27 Europe/Istanbul] PHP   2. {main}() Command line code:0
[10-Feb-2026 04:31:27 Europe/Istanbul] PHP   3. ini_set($option = 'session.name', $value = 'CYN_SESSION') /home/runner/work/CYN_Tourism_v3.1_fixed/CYN_Tourism_v3.1_fixed/config/config.php:203
[10-Feb-2026 04:31:27 Europe/Istanbul] PHP Warning:  ini_set(): Session ini settings cannot be changed after headers have already been sent in /home/runner/work/CYN_Tourism_v3.1_fixed/CYN_Tourism_v3.1_fixed/config/config.php on line 204
[10-Feb-2026 04:31:27 Europe/Istanbul] PHP Stack trace:
[10-Feb-2026 04:31:27 Europe/Istanbul] PHP   1. {main}() Command line code:0
[10-Feb-2026 04:31:27 Europe/Istanbul] PHP   2. {main}() Command line code:0
[10-Feb-2026 04:31:27 Europe/Istanbul] PHP   3. ini_set($option = 'session.cookie_lifetime', $value = 7200) /home/runner/work/CYN_Tourism_v3.1_fixed/CYN_Tourism_v3.1_fixed/config/config.php:204
[10-Feb-2026 04:31:27 Europe/Istanbul] PHP Warning:  ini_set(): Session ini settings cannot be changed after headers have already been sent in /home/runner/work/CYN_Tourism_v3.1_fixed/CYN_Tourism_v3.1_fixed/config/config.php on line 205
[10-Feb-2026 04:31:27 Europe/Istanbul] PHP Stack trace:
[10-Feb-2026 04:31:27 Europe/Istanbul] PHP   1. {main}() Command line code:0
[10-Feb-2026 04:31:27 Europe/Istanbul] PHP   2. {main}() Command line code:0
[10-Feb-2026 04:31:27 Europe/Istanbul] PHP   3. ini_set($option = 'session.gc_maxlifetime', $value = 7200) /home/runner/work/CYN_Tourism_v3.1_fixed/CYN_Tourism_v3.1_fixed/config/config.php:205
[10-Feb-2026 04:31:27 Europe/Istanbul] PHP Warning:  ini_set(): Session ini settings cannot be changed after headers have already been sent in /home/runner/work/CYN_Tourism_v3.1_fixed/CYN_Tourism_v3.1_fixed/config/config.php on line 206
[10-Feb-2026 04:31:27 Europe/Istanbul] PHP Stack trace:
[10-Feb-2026 04:31:27 Europe/Istanbul] PHP   1. {main}() Command line code:0
[10-Feb-2026 04:31:27 Europe/Istanbul] PHP   2. {main}() Command line code:0
[10-Feb-2026 04:31:27 Europe/Istanbul] PHP   3. ini_set($option = 'session.cookie_httponly', $value = 1) /home/runner/work/CYN_Tourism_v3.1_fixed/CYN_Tourism_v3.1_fixed/config/config.php:206
[10-Feb-2026 04:31:27 Europe/Istanbul] PHP Warning:  ini_set(): Session ini settings cannot be changed after headers have already been sent in /home/runner/work/CYN_Tourism_v3.1_fixed/CYN_Tourism_v3.1_fixed/config/config.php on line 207
[10-Feb-2026 04:31:27 Europe/Istanbul] PHP Stack trace:
[10-Feb-2026 04:31:27 Europe/Istanbul] PHP   1. {main}() Command line code:0
[10-Feb-2026 04:31:27 Europe/Istanbul] PHP   2. {main}() Command line code:0
[10-Feb-2026 04:31:27 Europe/Istanbul] PHP   3. ini_set($option = 'session.cookie_secure', $value = 0) /home/runner/work/CYN_Tourism_v3.1_fixed/CYN_Tourism_v3.1_fixed/config/config.php:207
[10-Feb-2026 04:31:27 Europe/Istanbul] PHP Warning:  ini_set(): Session ini settings cannot be changed after headers have already been sent in /home/runner/work/CYN_Tourism_v3.1_fixed/CYN_Tourism_v3.1_fixed/config/config.php on line 208
[10-Feb-2026 04:31:27 Europe/Istanbul] PHP Stack trace:
[10-Feb-2026 04:31:27 Europe/Istanbul] PHP   1. {main}() Command line code:0
[10-Feb-2026 04:31:27 Europe/Istanbul] PHP   2. {main}() Command line code:0
[10-Feb-2026 04:31:27 Europe/Istanbul] PHP   3. ini_set($option = 'session.use_strict_mode', $value = 1) /home/runner/work/CYN_Tourism_v3.1_fixed/CYN_Tourism_v3.1_fixed/config/config.php:208
[10-Feb-2026 04:31:27 Europe/Istanbul] PHP Warning:  ini_set(): Session ini settings cannot be changed after headers have already been sent in /home/runner/work/CYN_Tourism_v3.1_fixed/CYN_Tourism_v3.1_fixed/config/config.php on line 209
[10-Feb-2026 04:31:27 Europe/Istanbul] PHP Stack trace:
[10-Feb-2026 04:31:27 Europe/Istanbul] PHP   1. {main}() Command line code:0
[10-Feb-2026 04:31:27 Europe/Istanbul] PHP   2. {main}() Command line code:0
[10-Feb-2026 04:31:27 Europe/Istanbul] PHP   3. ini_set($option = 'session.use_only_cookies', $value = 1) /home/runner/work/CYN_Tourism_v3.1_fixed/CYN_Tourism_v3.1_fixed/config/config.php:209
[10-Feb-2026 04:31:27 Europe/Istanbul] PHP Warning:  session_name(): Session name cannot be changed after headers have already been sent in /home/runner/work/CYN_Tourism_v3.1_fixed/CYN_Tourism_v3.1_fixed/config/config.php on line 211
[10-Feb-2026 04:31:27 Europe/Istanbul] PHP Stack trace:
[10-Feb-2026 04:31:27 Europe/Istanbul] PHP   1. {main}() Command line code:0
[10-Feb-2026 04:31:27 Europe/Istanbul] PHP   2. {main}() Command line code:0
[10-Feb-2026 04:31:27 Europe/Istanbul] PHP   3. session_name($name = 'CYN_SESSION') /home/runner/work/CYN_Tourism_v3.1_fixed/CYN_Tourism_v3.1_fixed/config/config.php:211
[10-Feb-2026 04:31:27 Europe/Istanbul] PHP Warning:  session_start(): Session cannot be started after headers have already been sent in /home/runner/work/CYN_Tourism_v3.1_fixed/CYN_Tourism_v3.1_fixed/config/config.php on line 212
[10-Feb-2026 04:31:27 Europe/Istanbul] PHP Stack trace:
[10-Feb-2026 04:31:27 Europe/Istanbul] PHP   1. {main}() Command line code:0
[10-Feb-2026 04:31:27 Europe/Istanbul] PHP   2. {main}() Command line code:0
[10-Feb-2026 04:31:27 Europe/Istanbul] PHP   3. session_start() /home/runner/work/CYN_Tourism_v3.1_fixed/CYN_Tourism_v3.1_fixed/config/config.php:212
[10-Feb-2026 04:31:32 Europe/Istanbul] PHP Fatal error:  Cannot declare class Logger, because the name is already in use in /home/runner/work/CYN_Tourism_v3.1_fixed/CYN_Tourism_v3.1_fixed/app/Services/Logger.php on line 10
[10-Feb-2026 04:31:32 Europe/Istanbul] PHP Stack trace:
[10-Feb-2026 04:31:32 Europe/Istanbul] PHP   1. {main}() Command line code:0
[10-Feb-2026 04:31:32 Europe/Istanbul] PHP   2. {main}() Command line code:0
[10-Feb-2026 04:31:32 Europe/Istanbul] PHP   3. require_once() /home/runner/work/CYN_Tourism_v3.1_fixed/CYN_Tourism_v3.1_fixed/app/bootstrap.php:48
[10-Feb-2026 04:31:37 Europe/Istanbul] PHP Fatal error:  Cannot declare class Logger, because the name is already in use in /home/runner/work/CYN_Tourism_v3.1_fixed/CYN_Tourism_v3.1_fixed/app/Services/Logger.php on line 10
[10-Feb-2026 04:31:37 Europe/Istanbul] PHP Stack trace:
[10-Feb-2026 04:31:37 Europe/Istanbul] PHP   1. {main}() Command line code:0
[10-Feb-2026 04:31:37 Europe/Istanbul] PHP   2. {main}() Command line code:0
[10-Feb-2026 04:31:37 Europe/Istanbul] PHP   3. require_once() /home/runner/work/CYN_Tourism_v3.1_fixed/CYN_Tourism_v3.1_fixed/app/bootstrap.php:48
[10-Feb-2026 04:31:50 Europe/Istanbul] PHP Warning:  ini_set(): Session ini settings cannot be changed after headers have already been sent in /home/runner/work/CYN_Tourism_v3.1_fixed/CYN_Tourism_v3.1_fixed/config/config.php on line 203
[10-Feb-2026 04:31:50 Europe/Istanbul] PHP Stack trace:
[10-Feb-2026 04:31:50 Europe/Istanbul] PHP   1. {main}() /home/runner/work/CYN_Tourism_v3.1_fixed/CYN_Tourism_v3.1_fixed/test-architecture.php:0
[10-Feb-2026 04:31:50 Europe/Istanbul] PHP   2. require_once() /home/runner/work/CYN_Tourism_v3.1_fixed/CYN_Tourism_v3.1_fixed/test-architecture.php:14
[10-Feb-2026 04:31:50 Europe/Istanbul] PHP   3. require_once() /home/runner/work/CYN_Tourism_v3.1_fixed/CYN_Tourism_v3.1_fixed/app/bootstrap.php:23
[10-Feb-2026 04:31:50 Europe/Istanbul] PHP   4. ini_set($option = 'session.name', $value = 'CYN_SESSION') /home/runner/work/CYN_Tourism_v3.1_fixed/CYN_Tourism_v3.1_fixed/config/config.php:203
[10-Feb-2026 04:31:50 Europe/Istanbul] PHP Warning:  ini_set(): Session ini settings cannot be changed after headers have already been sent in /home/runner/work/CYN_Tourism_v3.1_fixed/CYN_Tourism_v3.1_fixed/config/config.php on line 204
[10-Feb-2026 04:31:50 Europe/Istanbul] PHP Stack trace:
[10-Feb-2026 04:31:50 Europe/Istanbul] PHP   1. {main}() /home/runner/work/CYN_Tourism_v3.1_fixed/CYN_Tourism_v3.1_fixed/test-architecture.php:0
[10-Feb-2026 04:31:50 Europe/Istanbul] PHP   2. require_once() /home/runner/work/CYN_Tourism_v3.1_fixed/CYN_Tourism_v3.1_fixed/test-architecture.php:14
[10-Feb-2026 04:31:50 Europe/Istanbul] PHP   3. require_once() /home/runner/work/CYN_Tourism_v3.1_fixed/CYN_Tourism_v3.1_fixed/app/bootstrap.php:23
[10-Feb-2026 04:31:50 Europe/Istanbul] PHP   4. ini_set($option = 'session.cookie_lifetime', $value = 7200) /home/runner/work/CYN_Tourism_v3.1_fixed/CYN_Tourism_v3.1_fixed/config/config.php:204
[10-Feb-2026 04:31:50 Europe/Istanbul] PHP Warning:  ini_set(): Session ini settings cannot be changed after headers have already been sent in /home/runner/work/CYN_Tourism_v3.1_fixed/CYN_Tourism_v3.1_fixed/config/config.php on line 205
[10-Feb-2026 04:31:50 Europe/Istanbul] PHP Stack trace:
[10-Feb-2026 04:31:50 Europe/Istanbul] PHP   1. {main}() /home/runner/work/CYN_Tourism_v3.1_fixed/CYN_Tourism_v3.1_fixed/test-architecture.php:0
[10-Feb-2026 04:31:50 Europe/Istanbul] PHP   2. require_once() /home/runner/work/CYN_Tourism_v3.1_fixed/CYN_Tourism_v3.1_fixed/test-architecture.php:14
[10-Feb-2026 04:31:50 Europe/Istanbul] PHP   3. require_once() /home/runner/work/CYN_Tourism_v3.1_fixed/CYN_Tourism_v3.1_fixed/app/bootstrap.php:23
[10-Feb-2026 04:31:50 Europe/Istanbul] PHP   4. ini_set($option = 'session.gc_maxlifetime', $value = 7200) /home/runner/work/CYN_Tourism_v3.1_fixed/CYN_Tourism_v3.1_fixed/config/config.php:205
[10-Feb-2026 04:31:50 Europe/Istanbul] PHP Warning:  ini_set(): Session ini settings cannot be changed after headers have already been sent in /home/runner/work/CYN_Tourism_v3.1_fixed/CYN_Tourism_v3.1_fixed/config/config.php on line 206
[10-Feb-2026 04:31:50 Europe/Istanbul] PHP Stack trace:
[10-Feb-2026 04:31:50 Europe/Istanbul] PHP   1. {main}() /home/runner/work/CYN_Tourism_v3.1_fixed/CYN_Tourism_v3.1_fixed/test-architecture.php:0
[10-Feb-2026 04:31:50 Europe/Istanbul] PHP   2. require_once() /home/runner/work/CYN_Tourism_v3.1_fixed/CYN_Tourism_v3.1_fixed/test-architecture.php:14
[10-Feb-2026 04:31:50 Europe/Istanbul] PHP   3. require_once() /home/runner/work/CYN_Tourism_v3.1_fixed/CYN_Tourism_v3.1_fixed/app/bootstrap.php:23
[10-Feb-2026 04:31:50 Europe/Istanbul] PHP   4. ini_set($option = 'session.cookie_httponly', $value = 1) /home/runner/work/CYN_Tourism_v3.1_fixed/CYN_Tourism_v3.1_fixed/config/config.php:206
[10-Feb-2026 04:31:50 Europe/Istanbul] PHP Warning:  ini_set(): Session ini settings cannot be changed after headers have already been sent in /home/runner/work/CYN_Tourism_v3.1_fixed/CYN_Tourism_v3.1_fixed/config/config.php on line 207
[10-Feb-2026 04:31:50 Europe/Istanbul] PHP Stack trace:
[10-Feb-2026 04:31:50 Europe/Istanbul] PHP   1. {main}() /home/runner/work/CYN_Tourism_v3.1_fixed/CYN_Tourism_v3.1_fixed/test-architecture.php:0
[10-Feb-2026 04:31:50 Europe/Istanbul] PHP   2. require_once() /home/runner/work/CYN_Tourism_v3.1_fixed/CYN_Tourism_v3.1_fixed/test-architecture.php:14
[10-Feb-2026 04:31:50 Europe/Istanbul] PHP   3. require_once() /home/runner/work/CYN_Tourism_v3.1_fixed/CYN_Tourism_v3.1_fixed/app/bootstrap.php:23
[10-Feb-2026 04:31:50 Europe/Istanbul] PHP   4. ini_set($option = 'session.cookie_secure', $value = 0) /home/runner/work/CYN_Tourism_v3.1_fixed/CYN_Tourism_v3.1_fixed/config/config.php:207
[10-Feb-2026 04:31:50 Europe/Istanbul] PHP Warning:  ini_set(): Session ini settings cannot be changed after headers have already been sent in /home/runner/work/CYN_Tourism_v3.1_fixed/CYN_Tourism_v3.1_fixed/config/config.php on line 208
[10-Feb-2026 04:31:50 Europe/Istanbul] PHP Stack trace:
[10-Feb-2026 04:31:50 Europe/Istanbul] PHP   1. {main}() /home/runner/work/CYN_Tourism_v3.1_fixed/CYN_Tourism_v3.1_fixed/test-architecture.php:0
[10-Feb-2026 04:31:50 Europe/Istanbul] PHP   2. require_once() /home/runner/work/CYN_Tourism_v3.1_fixed/CYN_Tourism_v3.1_fixed/test-architecture.php:14
[10-Feb-2026 04:31:50 Europe/Istanbul] PHP   3. require_once() /home/runner/work/CYN_Tourism_v3.1_fixed/CYN_Tourism_v3.1_fixed/app/bootstrap.php:23
[10-Feb-2026 04:31:50 Europe/Istanbul] PHP   4. ini_set($option = 'session.use_strict_mode', $value = 1) /home/runner/work/CYN_Tourism_v3.1_fixed/CYN_Tourism_v3.1_fixed/config/config.php:208
[10-Feb-2026 04:31:50 Europe/Istanbul] PHP Warning:  ini_set(): Session ini settings cannot be changed after headers have already been sent in /home/runner/work/CYN_Tourism_v3.1_fixed/CYN_Tourism_v3.1_fixed/config/config.php on line 209
[10-Feb-2026 04:31:50 Europe/Istanbul] PHP Stack trace:
[10-Feb-2026 04:31:50 Europe/Istanbul] PHP   1. {main}() /home/runner/work/CYN_Tourism_v3.1_fixed/CYN_Tourism_v3.1_fixed/test-architecture.php:0
[10-Feb-2026 04:31:50 Europe/Istanbul] PHP   2. require_once() /home/runner/work/CYN_Tourism_v3.1_fixed/CYN_Tourism_v3.1_fixed/test-architecture.php:14
[10-Feb-2026 04:31:50 Europe/Istanbul] PHP   3. require_once() /home/runner/work/CYN_Tourism_v3.1_fixed/CYN_Tourism_v3.1_fixed/app/bootstrap.php:23
[10-Feb-2026 04:31:50 Europe/Istanbul] PHP   4. ini_set($option = 'session.use_only_cookies', $value = 1) /home/runner/work/CYN_Tourism_v3.1_fixed/CYN_Tourism_v3.1_fixed/config/config.php:209
[10-Feb-2026 04:31:50 Europe/Istanbul] PHP Warning:  session_name(): Session name cannot be changed after headers have already been sent in /home/runner/work/CYN_Tourism_v3.1_fixed/CYN_Tourism_v3.1_fixed/config/config.php on line 211
[10-Feb-2026 04:31:50 Europe/Istanbul] PHP Stack trace:
[10-Feb-2026 04:31:50 Europe/Istanbul] PHP   1. {main}() /home/runner/work/CYN_Tourism_v3.1_fixed/CYN_Tourism_v3.1_fixed/test-architecture.php:0
[10-Feb-2026 04:31:50 Europe/Istanbul] PHP   2. require_once() /home/runner/work/CYN_Tourism_v3.1_fixed/CYN_Tourism_v3.1_fixed/test-architecture.php:14
[10-Feb-2026 04:31:50 Europe/Istanbul] PHP   3. require_once() /home/runner/work/CYN_Tourism_v3.1_fixed/CYN_Tourism_v3.1_fixed/app/bootstrap.php:23
[10-Feb-2026 04:31:50 Europe/Istanbul] PHP   4. session_name($name = 'CYN_SESSION') /home/runner/work/CYN_Tourism_v3.1_fixed/CYN_Tourism_v3.1_fixed/config/config.php:211
[10-Feb-2026 04:31:50 Europe/Istanbul] PHP Warning:  session_start(): Session cannot be started after headers have already been sent in /home/runner/work/CYN_Tourism_v3.1_fixed/CYN_Tourism_v3.1_fixed/config/config.php on line 212
[10-Feb-2026 04:31:50 Europe/Istanbul] PHP Stack trace:
[10-Feb-2026 04:31:50 Europe/Istanbul] PHP   1. {main}() /home/runner/work/CYN_Tourism_v3.1_fixed/CYN_Tourism_v3.1_fixed/test-architecture.php:0
[10-Feb-2026 04:31:50 Europe/Istanbul] PHP   2. require_once() /home/runner/work/CYN_Tourism_v3.1_fixed/CYN_Tourism_v3.1_fixed/test-architecture.php:14
[10-Feb-2026 04:31:50 Europe/Istanbul] PHP   3. require_once() /home/runner/work/CYN_Tourism_v3.1_fixed/CYN_Tourism_v3.1_fixed/app/bootstrap.php:23
[10-Feb-2026 04:31:50 Europe/Istanbul] PHP   4. session_start() /home/runner/work/CYN_Tourism_v3.1_fixed/CYN_Tourism_v3.1_fixed/config/config.php:212
[10-Feb-2026 04:31:50 Europe/Istanbul] PHP Fatal error:  Cannot declare class Logger, because the name is already in use in /home/runner/work/CYN_Tourism_v3.1_fixed/CYN_Tourism_v3.1_fixed/app/Services/Logger.php on line 10
[10-Feb-2026 04:31:50 Europe/Istanbul] PHP Stack trace:
[10-Feb-2026 04:31:50 Europe/Istanbul] PHP   1. {main}() /home/runner/work/CYN_Tourism_v3.1_fixed/CYN_Tourism_v3.1_fixed/test-architecture.php:0
[10-Feb-2026 04:31:50 Europe/Istanbul] PHP   2. require_once() /home/runner/work/CYN_Tourism_v3.1_fixed/CYN_Tourism_v3.1_fixed/test-architecture.php:14
[10-Feb-2026 04:31:50 Europe/Istanbul] PHP   3. require_once() /home/runner/work/CYN_Tourism_v3.1_fixed/CYN_Tourism_v3.1_fixed/app/bootstrap.php:48
[10-Feb-2026 04:32:31 Europe/Istanbul] PHP Warning:  ini_set(): Session ini settings cannot be changed after headers have already been sent in /home/runner/work/CYN_Tourism_v3.1_fixed/CYN_Tourism_v3.1_fixed/config/config.php on line 203
[10-Feb-2026 04:32:31 Europe/Istanbul] PHP Stack trace:
[10-Feb-2026 04:32:31 Europe/Istanbul] PHP   1. {main}() /home/runner/work/CYN_Tourism_v3.1_fixed/CYN_Tourism_v3.1_fixed/test-architecture.php:0
[10-Feb-2026 04:32:31 Europe/Istanbul] PHP   2. require_once() /home/runner/work/CYN_Tourism_v3.1_fixed/CYN_Tourism_v3.1_fixed/test-architecture.php:14
[10-Feb-2026 04:32:31 Europe/Istanbul] PHP   3. require_once() /home/runner/work/CYN_Tourism_v3.1_fixed/CYN_Tourism_v3.1_fixed/app/bootstrap.php:23
[10-Feb-2026 04:32:31 Europe/Istanbul] PHP   4. ini_set($option = 'session.name', $value = 'CYN_SESSION') /home/runner/work/CYN_Tourism_v3.1_fixed/CYN_Tourism_v3.1_fixed/config/config.php:203
[10-Feb-2026 04:32:31 Europe/Istanbul] PHP Warning:  ini_set(): Session ini settings cannot be changed after headers have already been sent in /home/runner/work/CYN_Tourism_v3.1_fixed/CYN_Tourism_v3.1_fixed/config/config.php on line 204
[10-Feb-2026 04:32:31 Europe/Istanbul] PHP Stack trace:
[10-Feb-2026 04:32:31 Europe/Istanbul] PHP   1. {main}() /home/runner/work/CYN_Tourism_v3.1_fixed/CYN_Tourism_v3.1_fixed/test-architecture.php:0
[10-Feb-2026 04:32:31 Europe/Istanbul] PHP   2. require_once() /home/runner/work/CYN_Tourism_v3.1_fixed/CYN_Tourism_v3.1_fixed/test-architecture.php:14
[10-Feb-2026 04:32:31 Europe/Istanbul] PHP   3. require_once() /home/runner/work/CYN_Tourism_v3.1_fixed/CYN_Tourism_v3.1_fixed/app/bootstrap.php:23
[10-Feb-2026 04:32:31 Europe/Istanbul] PHP   4. ini_set($option = 'session.cookie_lifetime', $value = 7200) /home/runner/work/CYN_Tourism_v3.1_fixed/CYN_Tourism_v3.1_fixed/config/config.php:204
[10-Feb-2026 04:32:31 Europe/Istanbul] PHP Warning:  ini_set(): Session ini settings cannot be changed after headers have already been sent in /home/runner/work/CYN_Tourism_v3.1_fixed/CYN_Tourism_v3.1_fixed/config/config.php on line 205
[10-Feb-2026 04:32:31 Europe/Istanbul] PHP Stack trace:
[10-Feb-2026 04:32:31 Europe/Istanbul] PHP   1. {main}() /home/runner/work/CYN_Tourism_v3.1_fixed/CYN_Tourism_v3.1_fixed/test-architecture.php:0
[10-Feb-2026 04:32:31 Europe/Istanbul] PHP   2. require_once() /home/runner/work/CYN_Tourism_v3.1_fixed/CYN_Tourism_v3.1_fixed/test-architecture.php:14
[10-Feb-2026 04:32:31 Europe/Istanbul] PHP   3. require_once() /home/runner/work/CYN_Tourism_v3.1_fixed/CYN_Tourism_v3.1_fixed/app/bootstrap.php:23
[10-Feb-2026 04:32:31 Europe/Istanbul] PHP   4. ini_set($option = 'session.gc_maxlifetime', $value = 7200) /home/runner/work/CYN_Tourism_v3.1_fixed/CYN_Tourism_v3.1_fixed/config/config.php:205
[10-Feb-2026 04:32:31 Europe/Istanbul] PHP Warning:  ini_set(): Session ini settings cannot be changed after headers have already been sent in /home/runner/work/CYN_Tourism_v3.1_fixed/CYN_Tourism_v3.1_fixed/config/config.php on line 206
[10-Feb-2026 04:32:31 Europe/Istanbul] PHP Stack trace:
[10-Feb-2026 04:32:31 Europe/Istanbul] PHP   1. {main}() /home/runner/work/CYN_Tourism_v3.1_fixed/CYN_Tourism_v3.1_fixed/test-architecture.php:0
[10-Feb-2026 04:32:31 Europe/Istanbul] PHP   2. require_once() /home/runner/work/CYN_Tourism_v3.1_fixed/CYN_Tourism_v3.1_fixed/test-architecture.php:14
[10-Feb-2026 04:32:31 Europe/Istanbul] PHP   3. require_once() /home/runner/work/CYN_Tourism_v3.1_fixed/CYN_Tourism_v3.1_fixed/app/bootstrap.php:23
[10-Feb-2026 04:32:31 Europe/Istanbul] PHP   4. ini_set($option = 'session.cookie_httponly', $value = 1) /home/runner/work/CYN_Tourism_v3.1_fixed/CYN_Tourism_v3.1_fixed/config/config.php:206
[10-Feb-2026 04:32:31 Europe/Istanbul] PHP Warning:  ini_set(): Session ini settings cannot be changed after headers have already been sent in /home/runner/work/CYN_Tourism_v3.1_fixed/CYN_Tourism_v3.1_fixed/config/config.php on line 207
[10-Feb-2026 04:32:31 Europe/Istanbul] PHP Stack trace:
[10-Feb-2026 04:32:31 Europe/Istanbul] PHP   1. {main}() /home/runner/work/CYN_Tourism_v3.1_fixed/CYN_Tourism_v3.1_fixed/test-architecture.php:0
[10-Feb-2026 04:32:31 Europe/Istanbul] PHP   2. require_once() /home/runner/work/CYN_Tourism_v3.1_fixed/CYN_Tourism_v3.1_fixed/test-architecture.php:14
[10-Feb-2026 04:32:31 Europe/Istanbul] PHP   3. require_once() /home/runner/work/CYN_Tourism_v3.1_fixed/CYN_Tourism_v3.1_fixed/app/bootstrap.php:23
[10-Feb-2026 04:32:31 Europe/Istanbul] PHP   4. ini_set($option = 'session.cookie_secure', $value = 0) /home/runner/work/CYN_Tourism_v3.1_fixed/CYN_Tourism_v3.1_fixed/config/config.php:207
[10-Feb-2026 04:32:31 Europe/Istanbul] PHP Warning:  ini_set(): Session ini settings cannot be changed after headers have already been sent in /home/runner/work/CYN_Tourism_v3.1_fixed/CYN_Tourism_v3.1_fixed/config/config.php on line 208
[10-Feb-2026 04:32:31 Europe/Istanbul] PHP Stack trace:
[10-Feb-2026 04:32:31 Europe/Istanbul] PHP   1. {main}() /home/runner/work/CYN_Tourism_v3.1_fixed/CYN_Tourism_v3.1_fixed/test-architecture.php:0
[10-Feb-2026 04:32:31 Europe/Istanbul] PHP   2. require_once() /home/runner/work/CYN_Tourism_v3.1_fixed/CYN_Tourism_v3.1_fixed/test-architecture.php:14
[10-Feb-2026 04:32:31 Europe/Istanbul] PHP   3. require_once() /home/runner/work/CYN_Tourism_v3.1_fixed/CYN_Tourism_v3.1_fixed/app/bootstrap.php:23
[10-Feb-2026 04:32:31 Europe/Istanbul] PHP   4. ini_set($option = 'session.use_strict_mode', $value = 1) /home/runner/work/CYN_Tourism_v3.1_fixed/CYN_Tourism_v3.1_fixed/config/config.php:208
[10-Feb-2026 04:32:31 Europe/Istanbul] PHP Warning:  ini_set(): Session ini settings cannot be changed after headers have already been sent in /home/runner/work/CYN_Tourism_v3.1_fixed/CYN_Tourism_v3.1_fixed/config/config.php on line 209
[10-Feb-2026 04:32:31 Europe/Istanbul] PHP Stack trace:
[10-Feb-2026 04:32:31 Europe/Istanbul] PHP   1. {main}() /home/runner/work/CYN_Tourism_v3.1_fixed/CYN_Tourism_v3.1_fixed/test-architecture.php:0
[10-Feb-2026 04:32:31 Europe/Istanbul] PHP   2. require_once() /home/runner/work/CYN_Tourism_v3.1_fixed/CYN_Tourism_v3.1_fixed/test-architecture.php:14
[10-Feb-2026 04:32:31 Europe/Istanbul] PHP   3. require_once() /home/runner/work/CYN_Tourism_v3.1_fixed/CYN_Tourism_v3.1_fixed/app/bootstrap.php:23
[10-Feb-2026 04:32:31 Europe/Istanbul] PHP   4. ini_set($option = 'session.use_only_cookies', $value = 1) /home/runner/work/CYN_Tourism_v3.1_fixed/CYN_Tourism_v3.1_fixed/config/config.php:209
[10-Feb-2026 04:32:31 Europe/Istanbul] PHP Warning:  session_name(): Session name cannot be changed after headers have already been sent in /home/runner/work/CYN_Tourism_v3.1_fixed/CYN_Tourism_v3.1_fixed/config/config.php on line 211
[10-Feb-2026 04:32:31 Europe/Istanbul] PHP Stack trace:
[10-Feb-2026 04:32:31 Europe/Istanbul] PHP   1. {main}() /home/runner/work/CYN_Tourism_v3.1_fixed/CYN_Tourism_v3.1_fixed/test-architecture.php:0
[10-Feb-2026 04:32:31 Europe/Istanbul] PHP   2. require_once() /home/runner/work/CYN_Tourism_v3.1_fixed/CYN_Tourism_v3.1_fixed/test-architecture.php:14
[10-Feb-2026 04:32:31 Europe/Istanbul] PHP   3. require_once() /home/runner/work/CYN_Tourism_v3.1_fixed/CYN_Tourism_v3.1_fixed/app/bootstrap.php:23
[10-Feb-2026 04:32:31 Europe/Istanbul] PHP   4. session_name($name = 'CYN_SESSION') /home/runner/work/CYN_Tourism_v3.1_fixed/CYN_Tourism_v3.1_fixed/config/config.php:211
[10-Feb-2026 04:32:31 Europe/Istanbul] PHP Warning:  session_start(): Session cannot be started after headers have already been sent in /home/runner/work/CYN_Tourism_v3.1_fixed/CYN_Tourism_v3.1_fixed/config/config.php on line 212
[10-Feb-2026 04:32:31 Europe/Istanbul] PHP Stack trace:
[10-Feb-2026 04:32:31 Europe/Istanbul] PHP   1. {main}() /home/runner/work/CYN_Tourism_v3.1_fixed/CYN_Tourism_v3.1_fixed/test-architecture.php:0
[10-Feb-2026 04:32:31 Europe/Istanbul] PHP   2. require_once() /home/runner/work/CYN_Tourism_v3.1_fixed/CYN_Tourism_v3.1_fixed/test-architecture.php:14
[10-Feb-2026 04:32:31 Europe/Istanbul] PHP   3. require_once() /home/runner/work/CYN_Tourism_v3.1_fixed/CYN_Tourism_v3.1_fixed/app/bootstrap.php:23
[10-Feb-2026 04:32:31 Europe/Istanbul] PHP   4. session_start() /home/runner/work/CYN_Tourism_v3.1_fixed/CYN_Tourism_v3.1_fixed/config/config.php:212
[10-Feb-2026 04:32:31 Europe/Istanbul] PHP Fatal error:  Cannot declare class Logger, because the name is already in use in /home/runner/work/CYN_Tourism_v3.1_fixed/CYN_Tourism_v3.1_fixed/app/Services/Logger.php on line 10
[10-Feb-2026 04:32:31 Europe/Istanbul] PHP Stack trace:
[10-Feb-2026 04:32:31 Europe/Istanbul] PHP   1. {main}() /home/runner/work/CYN_Tourism_v3.1_fixed/CYN_Tourism_v3.1_fixed/test-architecture.php:0
[10-Feb-2026 04:32:31 Europe/Istanbul] PHP   2. require_once() /home/runner/work/CYN_Tourism_v3.1_fixed/CYN_Tourism_v3.1_fixed/test-architecture.php:14
[10-Feb-2026 04:32:31 Europe/Istanbul] PHP   3. require_once() /home/runner/work/CYN_Tourism_v3.1_fixed/CYN_Tourism_v3.1_fixed/app/bootstrap.php:48
[10-Feb-2026 04:32:35 Europe/Istanbul] PHP Warning:  ini_set(): Session ini settings cannot be changed after headers have already been sent in /home/runner/work/CYN_Tourism_v3.1_fixed/CYN_Tourism_v3.1_fixed/config/config.php on line 203
[10-Feb-2026 04:32:35 Europe/Istanbul] PHP Stack trace:
[10-Feb-2026 04:32:35 Europe/Istanbul] PHP   1. {main}() /home/runner/work/CYN_Tourism_v3.1_fixed/CYN_Tourism_v3.1_fixed/test-architecture.php:0
[10-Feb-2026 04:32:35 Europe/Istanbul] PHP   2. require_once() /home/runner/work/CYN_Tourism_v3.1_fixed/CYN_Tourism_v3.1_fixed/test-architecture.php:14
[10-Feb-2026 04:32:35 Europe/Istanbul] PHP   3. require_once() /home/runner/work/CYN_Tourism_v3.1_fixed/CYN_Tourism_v3.1_fixed/app/bootstrap.php:23
[10-Feb-2026 04:32:35 Europe/Istanbul] PHP   4. ini_set($option = 'session.name', $value = 'CYN_SESSION') /home/runner/work/CYN_Tourism_v3.1_fixed/CYN_Tourism_v3.1_fixed/config/config.php:203
[10-Feb-2026 04:32:35 Europe/Istanbul] PHP Warning:  ini_set(): Session ini settings cannot be changed after headers have already been sent in /home/runner/work/CYN_Tourism_v3.1_fixed/CYN_Tourism_v3.1_fixed/config/config.php on line 204
[10-Feb-2026 04:32:35 Europe/Istanbul] PHP Stack trace:
[10-Feb-2026 04:32:35 Europe/Istanbul] PHP   1. {main}() /home/runner/work/CYN_Tourism_v3.1_fixed/CYN_Tourism_v3.1_fixed/test-architecture.php:0
[10-Feb-2026 04:32:35 Europe/Istanbul] PHP   2. require_once() /home/runner/work/CYN_Tourism_v3.1_fixed/CYN_Tourism_v3.1_fixed/test-architecture.php:14
[10-Feb-2026 04:32:35 Europe/Istanbul] PHP   3. require_once() /home/runner/work/CYN_Tourism_v3.1_fixed/CYN_Tourism_v3.1_fixed/app/bootstrap.php:23
[10-Feb-2026 04:32:35 Europe/Istanbul] PHP   4. ini_set($option = 'session.cookie_lifetime', $value = 7200) /home/runner/work/CYN_Tourism_v3.1_fixed/CYN_Tourism_v3.1_fixed/config/config.php:204
[10-Feb-2026 04:32:35 Europe/Istanbul] PHP Warning:  ini_set(): Session ini settings cannot be changed after headers have already been sent in /home/runner/work/CYN_Tourism_v3.1_fixed/CYN_Tourism_v3.1_fixed/config/config.php on line 205
[10-Feb-2026 04:32:35 Europe/Istanbul] PHP Stack trace:
[10-Feb-2026 04:32:35 Europe/Istanbul] PHP   1. {main}() /home/runner/work/CYN_Tourism_v3.1_fixed/CYN_Tourism_v3.1_fixed/test-architecture.php:0
[10-Feb-2026 04:32:35 Europe/Istanbul] PHP   2. require_once() /home/runner/work/CYN_Tourism_v3.1_fixed/CYN_Tourism_v3.1_fixed/test-architecture.php:14
[10-Feb-2026 04:32:35 Europe/Istanbul] PHP   3. require_once() /home/runner/work/CYN_Tourism_v3.1_fixed/CYN_Tourism_v3.1_fixed/app/bootstrap.php:23
[10-Feb-2026 04:32:35 Europe/Istanbul] PHP   4. ini_set($option = 'session.gc_maxlifetime', $value = 7200) /home/runner/work/CYN_Tourism_v3.1_fixed/CYN_Tourism_v3.1_fixed/config/config.php:205
[10-Feb-2026 04:32:35 Europe/Istanbul] PHP Warning:  ini_set(): Session ini settings cannot be changed after headers have already been sent in /home/runner/work/CYN_Tourism_v3.1_fixed/CYN_Tourism_v3.1_fixed/config/config.php on line 206
[10-Feb-2026 04:32:35 Europe/Istanbul] PHP Stack trace:
[10-Feb-2026 04:32:35 Europe/Istanbul] PHP   1. {main}() /home/runner/work/CYN_Tourism_v3.1_fixed/CYN_Tourism_v3.1_fixed/test-architecture.php:0
[10-Feb-2026 04:32:35 Europe/Istanbul] PHP   2. require_once() /home/runner/work/CYN_Tourism_v3.1_fixed/CYN_Tourism_v3.1_fixed/test-architecture.php:14
[10-Feb-2026 04:32:35 Europe/Istanbul] PHP   3. require_once() /home/runner/work/CYN_Tourism_v3.1_fixed/CYN_Tourism_v3.1_fixed/app/bootstrap.php:23
[10-Feb-2026 04:32:35 Europe/Istanbul] PHP   4. ini_set($option = 'session.cookie_httponly', $value = 1) /home/runner/work/CYN_Tourism_v3.1_fixed/CYN_Tourism_v3.1_fixed/config/config.php:206
[10-Feb-2026 04:32:35 Europe/Istanbul] PHP Warning:  ini_set(): Session ini settings cannot be changed after headers have already been sent in /home/runner/work/CYN_Tourism_v3.1_fixed/CYN_Tourism_v3.1_fixed/config/config.php on line 207
[10-Feb-2026 04:32:35 Europe/Istanbul] PHP Stack trace:
[10-Feb-2026 04:32:35 Europe/Istanbul] PHP   1. {main}() /home/runner/work/CYN_Tourism_v3.1_fixed/CYN_Tourism_v3.1_fixed/test-architecture.php:0
[10-Feb-2026 04:32:35 Europe/Istanbul] PHP   2. require_once() /home/runner/work/CYN_Tourism_v3.1_fixed/CYN_Tourism_v3.1_fixed/test-architecture.php:14
[10-Feb-2026 04:32:35 Europe/Istanbul] PHP   3. require_once() /home/runner/work/CYN_Tourism_v3.1_fixed/CYN_Tourism_v3.1_fixed/app/bootstrap.php:23
[10-Feb-2026 04:32:35 Europe/Istanbul] PHP   4. ini_set($option = 'session.cookie_secure', $value = 0) /home/runner/work/CYN_Tourism_v3.1_fixed/CYN_Tourism_v3.1_fixed/config/config.php:207
[10-Feb-2026 04:32:35 Europe/Istanbul] PHP Warning:  ini_set(): Session ini settings cannot be changed after headers have already been sent in /home/runner/work/CYN_Tourism_v3.1_fixed/CYN_Tourism_v3.1_fixed/config/config.php on line 208
[10-Feb-2026 04:32:35 Europe/Istanbul] PHP Stack trace:
[10-Feb-2026 04:32:35 Europe/Istanbul] PHP   1. {main}() /home/runner/work/CYN_Tourism_v3.1_fixed/CYN_Tourism_v3.1_fixed/test-architecture.php:0
[10-Feb-2026 04:32:35 Europe/Istanbul] PHP   2. require_once() /home/runner/work/CYN_Tourism_v3.1_fixed/CYN_Tourism_v3.1_fixed/test-architecture.php:14
[10-Feb-2026 04:32:35 Europe/Istanbul] PHP   3. require_once() /home/runner/work/CYN_Tourism_v3.1_fixed/CYN_Tourism_v3.1_fixed/app/bootstrap.php:23
[10-Feb-2026 04:32:35 Europe/Istanbul] PHP   4. ini_set($option = 'session.use_strict_mode', $value = 1) /home/runner/work/CYN_Tourism_v3.1_fixed/CYN_Tourism_v3.1_fixed/config/config.php:208
[10-Feb-2026 04:32:35 Europe/Istanbul] PHP Warning:  ini_set(): Session ini settings cannot be changed after headers have already been sent in /home/runner/work/CYN_Tourism_v3.1_fixed/CYN_Tourism_v3.1_fixed/config/config.php on line 209
[10-Feb-2026 04:32:35 Europe/Istanbul] PHP Stack trace:
[10-Feb-2026 04:32:35 Europe/Istanbul] PHP   1. {main}() /home/runner/work/CYN_Tourism_v3.1_fixed/CYN_Tourism_v3.1_fixed/test-architecture.php:0
[10-Feb-2026 04:32:35 Europe/Istanbul] PHP   2. require_once() /home/runner/work/CYN_Tourism_v3.1_fixed/CYN_Tourism_v3.1_fixed/test-architecture.php:14
[10-Feb-2026 04:32:35 Europe/Istanbul] PHP   3. require_once() /home/runner/work/CYN_Tourism_v3.1_fixed/CYN_Tourism_v3.1_fixed/app/bootstrap.php:23
[10-Feb-2026 04:32:35 Europe/Istanbul] PHP   4. ini_set($option = 'session.use_only_cookies', $value = 1) /home/runner/work/CYN_Tourism_v3.1_fixed/CYN_Tourism_v3.1_fixed/config/config.php:209
[10-Feb-2026 04:32:35 Europe/Istanbul] PHP Warning:  session_name(): Session name cannot be changed after headers have already been sent in /home/runner/work/CYN_Tourism_v3.1_fixed/CYN_Tourism_v3.1_fixed/config/config.php on line 211
[10-Feb-2026 04:32:35 Europe/Istanbul] PHP Stack trace:
[10-Feb-2026 04:32:35 Europe/Istanbul] PHP   1. {main}() /home/runner/work/CYN_Tourism_v3.1_fixed/CYN_Tourism_v3.1_fixed/test-architecture.php:0
[10-Feb-2026 04:32:35 Europe/Istanbul] PHP   2. require_once() /home/runner/work/CYN_Tourism_v3.1_fixed/CYN_Tourism_v3.1_fixed/test-architecture.php:14
[10-Feb-2026 04:32:35 Europe/Istanbul] PHP   3. require_once() /home/runner/work/CYN_Tourism_v3.1_fixed/CYN_Tourism_v3.1_fixed/app/bootstrap.php:23
[10-Feb-2026 04:32:35 Europe/Istanbul] PHP   4. session_name($name = 'CYN_SESSION') /home/runner/work/CYN_Tourism_v3.1_fixed/CYN_Tourism_v3.1_fixed/config/config.php:211
[10-Feb-2026 04:32:35 Europe/Istanbul] PHP Warning:  session_start(): Session cannot be started after headers have already been sent in /home/runner/work/CYN_Tourism_v3.1_fixed/CYN_Tourism_v3.1_fixed/config/config.php on line 212
[10-Feb-2026 04:32:35 Europe/Istanbul] PHP Stack trace:
[10-Feb-2026 04:32:35 Europe/Istanbul] PHP   1. {main}() /home/runner/work/CYN_Tourism_v3.1_fixed/CYN_Tourism_v3.1_fixed/test-architecture.php:0
[10-Feb-2026 04:32:35 Europe/Istanbul] PHP   2. require_once() /home/runner/work/CYN_Tourism_v3.1_fixed/CYN_Tourism_v3.1_fixed/test-architecture.php:14
[10-Feb-2026 04:32:35 Europe/Istanbul] PHP   3. require_once() /home/runner/work/CYN_Tourism_v3.1_fixed/CYN_Tourism_v3.1_fixed/app/bootstrap.php:23
[10-Feb-2026 04:32:35 Europe/Istanbul] PHP   4. session_start() /home/runner/work/CYN_Tourism_v3.1_fixed/CYN_Tourism_v3.1_fixed/config/config.php:212
[10-Feb-2026 04:32:35 Europe/Istanbul] PHP Fatal error:  Cannot declare class Logger, because the name is already in use in /home/runner/work/CYN_Tourism_v3.1_fixed/CYN_Tourism_v3.1_fixed/app/Services/Logger.php on line 10
[10-Feb-2026 04:32:35 Europe/Istanbul] PHP Stack trace:
[10-Feb-2026 04:32:35 Europe/Istanbul] PHP   1. {main}() /home/runner/work/CYN_Tourism_v3.1_fixed/CYN_Tourism_v3.1_fixed/test-architecture.php:0
[10-Feb-2026 04:32:35 Europe/Istanbul] PHP   2. require_once() /home/runner/work/CYN_Tourism_v3.1_fixed/CYN_Tourism_v3.1_fixed/test-architecture.php:14
[10-Feb-2026 04:32:35 Europe/Istanbul] PHP   3. require_once() /home/runner/work/CYN_Tourism_v3.1_fixed/CYN_Tourism_v3.1_fixed/app/bootstrap.php:48
